<?xml version="1.0" encoding="UTF-8"?>
<testng-results skipped="0" failed="0" total="1" passed="1">
  <reporter-output>
  </reporter-output>
  <suite name="Default suite" duration-ms="24" started-at="2016-10-28T09:53:34Z" finished-at="2016-10-28T09:53:34Z">
    <groups>
    </groups>
    <test name="Default test" duration-ms="24" started-at="2016-10-28T09:53:34Z" finished-at="2016-10-28T09:53:34Z">
      <class name="com.epam.unit.PalindromeTest">
        <test-method status="PASS" signature="testDataType_String()[pri:0, instance:com.epam.unit.PalindromeTest@2f4611ec]" name="testDataType_String" duration-ms="8" started-at="2016-10-28T15:23:34Z" finished-at="2016-10-28T15:23:34Z">
          <reporter-output>
          </reporter-output>
        </test-method> <!-- testDataType_String -->
      </class> <!-- com.epam.unit.PalindromeTest -->
    </test> <!-- Default test -->
  </suite> <!-- Default suite -->
</testng-results>
